TN:
SF:client\src\components\button.jsx
FN:2,(anonymous_0)
FNF:1
FNH:1
FNDA:12,(anonymous_0)
DA:2,1
DA:3,12
DA:4,12
DA:5,12
LF:4
LH:4
BRDA:2,0,0,9
BRDA:2,1,0,9
BRDA:2,2,0,10
BRDA:2,3,0,11
BRDA:4,4,0,2
BRDA:4,4,1,10
BRF:6
BRH:6
end_of_record
TN:
SF:client\src\context\userContext.jsx
FN:7,(anonymous_0)
FN:15,(anonymous_1)
FN:20,(anonymous_2)
FNF:3
FNH:0
FNDA:0,(anonymous_0)
FNDA:0,(anonymous_1)
FNDA:0,(anonymous_2)
DA:3,1
DA:5,1
DA:7,1
DA:8,0
DA:9,0
DA:10,0
DA:11,0
DA:15,1
DA:16,0
DA:17,0
DA:20,1
LF:11
LH:5
BRDA:8,0,0,0
BRDA:8,0,1,0
BRDA:8,0,2,0
BRF:3
BRH:0
end_of_record
TN:
SF:client\src\hooks\useToggle.jsx
FN:3,(anonymous_0)
FN:6,(anonymous_1)
FN:7,(anonymous_2)
FNF:3
FNH:3
FNDA:3,(anonymous_0)
FNDA:2,(anonymous_1)
FNDA:2,(anonymous_2)
DA:3,1
DA:4,3
DA:6,3
DA:7,2
DA:10,3
LF:5
LH:5
BRDA:3,0,0,3
BRF:1
BRH:1
end_of_record
TN:
SF:server\app.js
FN:11,(anonymous_0)
FNF:1
FNH:0
FNDA:0,(anonymous_0)
DA:1,2
DA:2,2
DA:3,2
DA:5,2
DA:7,2
DA:8,2
DA:9,2
DA:11,2
DA:12,0
DA:15,2
LF:10
LH:9
BRDA:12,0,0,0
BRDA:12,0,1,0
BRF:2
BRH:0
end_of_record
TN:
SF:server\controllers\authController.js
FN:6,(anonymous_0)
FN:11,(anonymous_1)
FN:43,(anonymous_2)
FNF:3
FNH:3
FNDA:2,(anonymous_0)
FNDA:2,(anonymous_1)
FNDA:5,(anonymous_2)
DA:1,3
DA:2,3
DA:3,3
DA:6,3
DA:7,2
DA:11,3
DA:12,2
DA:14,2
DA:15,2
DA:16,2
DA:17,0
DA:20,2
DA:21,2
DA:27,1
DA:29,1
DA:38,1
DA:43,3
DA:44,5
DA:46,5
DA:47,5
DA:49,4
DA:50,1
DA:53,3
DA:55,2
DA:56,1
DA:59,1
DA:61,1
DA:70,2
LF:28
LH:27
BRDA:16,0,0,0
BRDA:16,0,1,2
BRDA:49,1,0,1
BRDA:49,1,1,3
BRDA:55,2,0,1
BRDA:55,2,1,1
BRF:6
BRH:5
end_of_record
TN:
SF:server\controllers\postController.js
FN:4,(anonymous_0)
FN:13,(anonymous_1)
FN:29,(anonymous_2)
FN:53,(anonymous_3)
FNF:4
FNH:0
FNDA:0,(anonymous_0)
FNDA:0,(anonymous_1)
FNDA:0,(anonymous_2)
FNDA:0,(anonymous_3)
DA:1,2
DA:4,2
DA:5,0
DA:6,0
DA:7,0
DA:9,0
DA:13,2
DA:14,0
DA:15,0
DA:21,0
DA:22,0
DA:24,0
DA:29,2
DA:30,0
DA:31,0
DA:33,0
DA:42,0
DA:43,0
DA:46,0
DA:48,0
DA:53,2
DA:54,0
DA:55,0
DA:57,0
DA:59,0
DA:60,0
DA:63,0
DA:65,0
LF:28
LH:5
BRDA:42,0,0,0
BRDA:42,0,1,0
BRDA:59,1,0,0
BRDA:59,1,1,0
BRF:4
BRH:0
end_of_record
TN:
SF:server\middlewares\authMiddleware.js
FN:4,(anonymous_0)
FNF:1
FNH:1
FNDA:7,(anonymous_0)
DA:1,4
DA:2,4
DA:4,4
DA:5,7
DA:7,7
DA:9,7
DA:10,2
DA:13,5
DA:14,4
DA:16,2
DA:17,1
DA:20,1
DA:21,1
DA:23,3
DA:27,4
LF:15
LH:15
BRDA:9,0,0,2
BRDA:9,0,1,5
BRDA:16,1,0,1
BRDA:16,1,1,1
BRF:4
BRH:4
end_of_record
TN:
SF:server\models\User.js
FNF:0
FNH:0
DA:3,5
DA:5,5
DA:23,5
LF:3
LH:3
BRF:0
BRH:0
end_of_record
TN:
SF:server\models\post.js
FNF:0
FNH:0
DA:1,2
DA:3,2
DA:13,2
LF:3
LH:3
BRF:0
BRH:0
end_of_record
TN:
SF:server\routes\authRouter.js
FN:7,(anonymous_0)
FN:33,(anonymous_1)
FN:50,(anonymous_2)
FN:60,(anonymous_3)
FNF:4
FNH:4
FNDA:9,(anonymous_0)
FNDA:8,(anonymous_1)
FNDA:1,(anonymous_2)
FNDA:1,(anonymous_3)
DA:1,3
DA:2,3
DA:3,3
DA:4,3
DA:7,3
DA:8,9
DA:10,9
DA:11,4
DA:16,5
DA:17,1
DA:22,4
DA:23,4
DA:24,1
DA:29,3
DA:33,3
DA:34,8
DA:36,8
DA:37,2
DA:42,6
DA:46,3
DA:47,3
DA:50,3
DA:51,1
DA:60,3
DA:61,1
DA:71,3
LF:26
LH:26
BRDA:10,0,0,4
BRDA:10,0,1,5
BRDA:10,1,0,9
BRDA:10,1,1,8
BRDA:10,1,2,7
BRDA:16,2,0,1
BRDA:16,2,1,4
BRDA:23,3,0,1
BRDA:23,3,1,3
BRDA:36,4,0,2
BRDA:36,4,1,6
BRDA:36,5,0,8
BRDA:36,5,1,7
BRF:13
BRH:13
end_of_record
TN:
SF:server\routes\postRoutes.js
FNF:0
FNH:0
DA:2,2
DA:3,2
DA:4,2
DA:5,2
DA:8,2
DA:12,2
DA:13,2
DA:14,2
DA:16,2
LF:9
LH:9
BRF:0
BRH:0
end_of_record
TN:
SF:server\utility\generateToken.js
FN:3,(anonymous_0)
FNF:1
FNH:1
FNDA:1,(anonymous_0)
DA:1,2
DA:3,2
DA:4,1
DA:5,0
DA:7,1
DA:10,2
LF:6
LH:5
BRDA:4,0,0,0
BRDA:4,0,1,1
BRF:2
BRH:1
end_of_record
